2025-10-26 14:46:37 Loading main app package /tmp/.mount_ObsidiFAhJfZ/resources/obsidian.asar
2025-10-26 14:46:39 Checking for update using Github
2025-10-26 14:46:42 Success.
2025-10-26 14:46:42 Latest version is 1.9.14
2025-10-26 14:46:42 App is up to date.
2025-10-26 15:46:37 Checking for update using Github
2025-10-26 15:46:39 Success.
2025-10-26 15:46:39 Latest version is 1.9.14
2025-10-26 15:46:39 App is up to date.
2025-10-26 16:46:37 Checking for update using Github
2025-10-26 16:46:38 Success.
2025-10-26 16:46:38 Latest version is 1.9.14
2025-10-26 16:46:38 App is up to date.
2025-10-26 17:20:34 Loading main app package /tmp/.mount_ObsidiCbL18u/resources/obsidian.asar
2025-10-26 17:20:41 Checking for update using Github
2025-10-26 17:20:42 Success.
2025-10-26 17:20:42 Latest version is 1.9.14
2025-10-26 17:20:42 App is up to date.
2025-10-26 17:21:06 Checking for update using Github
2025-10-26 17:21:06 Success.
2025-10-26 17:21:06 Latest version is 1.9.14
2025-10-26 17:21:06 App is up to date.
2025-10-26 17:22:46 Loading main app package /tmp/.mount_ObsidiCQbx3H/resources/obsidian.asar
2025-10-26 17:22:48 Checking for update using Github
2025-10-26 17:22:48 Success.
2025-10-26 17:22:48 Latest version is 1.9.14
2025-10-26 17:22:48 App is up to date.
2025-10-26 17:23:22 Loading main app package /tmp/.mount_Obsidiqzs5LL/resources/obsidian.asar
2025-10-26 17:23:23 Checking for update using Github
2025-10-26 17:23:24 Success.
2025-10-26 17:23:24 Latest version is 1.9.14
2025-10-26 17:23:24 App is up to date.
2025-10-26 17:24:39 Loading main app package /tmp/.mount_Obsidi8UPql6/resources/obsidian.asar
2025-10-26 17:24:41 Checking for update using Github
2025-10-26 17:24:41 Success.
2025-10-26 17:24:41 Latest version is 1.9.14
2025-10-26 17:24:41 App is up to date.
2025-10-26 17:30:57 Loading main app package /tmp/.mount_ObsidijpDfu9/resources/obsidian.asar
2025-10-26 17:30:59 Checking for update using Github
2025-10-26 17:31:00 Failed to check for update using Github (Unexpected non-whitespace character after JSON at position 3 (line 1 column 4))
2025-10-26 17:31:00 Checking for update using obsidian.md
2025-10-26 17:31:00 Failed to check for update using obsidian.md (Unexpected end of JSON input)
2025-10-26 17:36:12 Loading main app package /tmp/.mount_Obsidi45QOXN/resources/obsidian.asar
2025-10-26 17:36:13 Checking for update using Github
2025-10-26 17:36:14 Failed to check for update using Github (Unexpected non-whitespace character after JSON at position 3 (line 1 column 4))
2025-10-26 17:36:14 Checking for update using obsidian.md
2025-10-26 17:36:15 Failed to check for update using obsidian.md (Unexpected end of JSON input)
2025-10-26 17:36:57 Loading main app package /tmp/.mount_Obsidi3jaizf/resources/obsidian.asar
2025-10-26 17:36:58 Checking for update using Github
2025-10-26 17:36:59 Failed to check for update using Github (Unexpected non-whitespace character after JSON at position 3 (line 1 column 4))
2025-10-26 17:36:59 Checking for update using obsidian.md
2025-10-26 17:36:59 Failed to check for update using obsidian.md (Unexpected end of JSON input)
2025-11-12 14:33:58 Loading main app package /tmp/.mount_Obsidi3vE8Xs/resources/obsidian.asar
2025-11-12 14:34:02 Checking for update using Github
2025-11-12 14:34:06 Success.
2025-11-12 14:34:06 Latest version is 1.10.3
2025-11-12 14:34:06 Downloading update from https://github.com/obsidianmd/obsidian-releases/releases/download/v1.10.3/obsidian-1.10.3.asar.gz
2025-11-12 14:34:07 Verifying hash & signature. Size= 9053948
2025-11-12 14:34:07 Saving file
2025-11-12 14:34:08 Update complete.
2025-11-13 00:15:28 Loading updated app package /home/kaylon/.config/obsidian/obsidian-1.10.3.asar
2025-11-13 00:15:32 Checking for update using Github
2025-11-13 00:15:33 Success.
2025-11-13 00:15:33 Latest version is 1.10.3
2025-11-13 00:15:33 App is up to date.
2025-11-13 01:15:28 Checking for update using Github
2025-11-13 01:15:29 Success.
2025-11-13 01:15:29 Latest version is 1.10.3
2025-11-13 01:15:29 App is up to date.
2025-11-13 11:17:12 Loading updated app package /home/kaylon/.config/obsidian/obsidian-1.10.3.asar
2025-11-13 11:17:16 Checking for update using Github
2025-11-13 11:17:18 Success.
2025-11-13 11:17:18 Latest version is 1.10.3
2025-11-13 11:17:18 App is up to date.
2025-11-18 01:01:02 Loading updated app package /home/kaylon/.config/obsidian/obsidian-1.10.3.asar
2025-11-18 01:01:09 Checking for update using Github
2025-11-18 01:01:13 Success.
2025-11-18 01:01:13 Latest version is 1.10.3
2025-11-18 01:01:13 App is up to date.
2025-11-18 10:37:06 Loading updated app package /home/kaylon/.config/obsidian/obsidian-1.10.3.asar
2025-11-18 10:37:10 Checking for update using Github
2025-11-18 10:37:11 Success.
2025-11-18 10:37:11 Latest version is 1.10.3
2025-11-18 10:37:11 App is up to date.
2025-11-23 13:11:00 Loading updated app package /home/kaylon/.config/obsidian/obsidian-1.10.3.asar
2025-11-23 13:11:04 Checking for update using Github
2025-11-23 13:11:06 Success.
2025-11-23 13:11:06 Latest version is 1.10.3
2025-11-23 13:11:06 App is up to date.
2025-11-23 14:11:00 Checking for update using Github
2025-11-23 14:11:03 Success.
2025-11-23 14:11:03 Latest version is 1.10.3
2025-11-23 14:11:03 App is up to date.
2025-11-23 18:18:17 Loading updated app package /home/kaylon/.config/obsidian/obsidian-1.10.3.asar
2025-11-23 18:18:21 Checking for update using Github
2025-11-23 18:18:24 Success.
2025-11-23 18:18:24 Latest version is 1.10.3
2025-11-23 18:18:24 App is up to date.
2025-11-23 19:18:18 Checking for update using Github
2025-11-23 19:18:21 Success.
2025-11-23 19:18:21 Latest version is 1.10.3
2025-11-23 19:18:21 App is up to date.
2025-11-24 11:36:43 Loading updated app package /home/kaylon/.config/obsidian/obsidian-1.10.3.asar
2025-11-24 11:36:48 Checking for update using Github
2025-11-24 11:36:51 Success.
2025-11-24 11:36:51 Latest version is 1.10.3
2025-11-24 11:36:51 App is up to date.
2025-11-28 12:49:42 Loading updated app package /home/kaylon/.config/obsidian/obsidian-1.10.3.asar
2025-11-28 12:49:52 Checking for update using Github
2025-11-28 12:49:55 Success.
2025-11-28 12:49:55 Latest version is 1.10.6
2025-11-28 12:49:55 Downloading update from https://github.com/obsidianmd/obsidian-releases/releases/download/v1.10.6/obsidian-1.10.6.asar.gz
2025-11-28 12:49:56 Verifying hash & signature. Size= 9054843
2025-11-28 12:49:56 Saving file
2025-11-28 12:49:57 Update complete.
2025-11-30 17:53:40 Loading updated app package /home/kaylon/.config/obsidian/obsidian-1.10.6.asar
2025-11-30 17:53:44 Checking for update using Github
2025-11-30 17:53:48 Success.
2025-11-30 17:53:48 Latest version is 1.10.6
2025-11-30 17:53:48 App is up to date.
2025-11-30 18:53:40 Checking for update using Github
2025-11-30 18:53:43 Success.
2025-11-30 18:53:43 Latest version is 1.10.6
2025-11-30 18:53:43 App is up to date.
2025-12-01 12:13:21 Loading updated app package /home/kaylon/.config/obsidian/obsidian-1.10.6.asar
2025-12-01 12:13:24 Checking for update using Github
2025-12-01 12:13:28 Success.
2025-12-01 12:13:28 Latest version is 1.10.6
2025-12-01 12:13:28 App is up to date.
2025-12-01 13:13:24 Checking for update using Github
2025-12-01 13:13:32 Success.
2025-12-01 13:13:32 Latest version is 1.10.6
2025-12-01 13:13:32 App is up to date.
2025-12-01 21:18:35 Loading updated app package /home/kaylon/.config/obsidian/obsidian-1.10.6.asar
2025-12-01 21:18:40 Checking for update using Github
2025-12-01 21:18:43 Success.
2025-12-01 21:18:43 Latest version is 1.10.6
2025-12-01 21:18:43 App is up to date.
2025-12-23 11:49:04 Loading updated app package /home/kaylon/.config/obsidian/obsidian-1.10.6.asar
2025-12-23 11:49:08 Checking for update using Github
2025-12-23 11:49:10 Success.
2025-12-23 11:49:10 Latest version is 1.10.6
2025-12-23 11:49:10 App is up to date.
2025-12-23 12:49:04 Checking for update using Github
2025-12-23 12:49:04 Success.
2025-12-23 12:49:04 Latest version is 1.10.6
2025-12-23 12:49:04 App is up to date.
2025-12-23 13:49:04 Checking for update using Github
2025-12-23 13:49:06 Success.
2025-12-23 13:49:06 Latest version is 1.10.6
2025-12-23 13:49:06 App is up to date.
