[2025-10-03 12:18:53.279] [info]  Running version 11.6.1
[2025-10-03 12:18:53.330] [error] [electron client protocol] FAILED to set default protocol 'insomnia://'
[2025-10-03 12:18:53.372] [info]  [electron client protocol] the current executable is not the default protocol for 'insomnia://'
[2025-10-03 12:18:53.461] [info]  [electron client protocol] the default application set for 'insomnia://' is 'insomnia.desktop
'
[2025-10-03 12:18:53.760] [info]  [fix] Running database repairs
[2025-10-03 12:18:54.514] [info]  [main] Checking for newer version than  11.6.1
[2025-10-03 12:18:55.369] [info]  [main] Found newer version
[2025-10-03 12:18:55.383] [info]  [main] Backup found at: /home/kaylon/.config/Insomnia/backups/11.6.1
[2025-10-03 12:18:55.387] [info]  [ElectronStorage] Initialized at /home/kaylon/.config/Insomnia/localStorage
[2025-10-03 12:18:55.417] [info]  [main] Second instance listener received: /opt/Insomnia/insomnia||--allow-file-access-from-files||--enable-features=DocumentPolicyIncludeJSCallStacksInCrashReports||--secure-schemes=sentry-ipc||--bypasscsp-schemes=sentry-ipc||--cors-schemes=sentry-ipc||--fetch-schemes=sentry-ipc||--secure-schemes=insomnia-event-source,https,http,insomnia-templating-worker-database,sentry-ipc||--bypasscsp-schemes=sentry-ipc||--cors-schemes=sentry-ipc||--fetch-schemes=insomnia-event-source,https,http,insomnia-templating-worker-database,sentry-ipc||--standard-schemes=insomnia-event-source,https,http,insomnia-templating-worker-database||--streaming-schemes=insomnia-event-source||insomnia://app/open/organization?organizationId=org_ce42711b-5aa9-4ff7-93ba-204b6454d229
[2025-10-03 12:18:55.418] [info]  [main] Registering the hidden window restarting handler
[2025-10-03 12:18:55.420] [info]  [main] Open Deep Link URL sent from second instance insomnia://app/open/organization?organizationId=org_ce42711b-5aa9-4ff7-93ba-204b6454d229
[2025-10-03 12:18:55.422] [error] [app] Failed to get instance lock
[2025-10-03 12:18:55.442] [info]  [updater] Not supported on this platform linux
[2025-10-03 12:19:03.470] [info]  Loading index for: /assets/organization._organizationId.project._projectId.workspace.new-C4acU996.js from: /opt/Insomnia/resources/app.asar/client/assets/organization._organizationId.project._projectId.workspace.new-C4acU996.js
[2025-10-03 12:19:03.796] [info]  Loading index for: /assets/organization._organizationId.project._projectId.workspace._workspaceId-CIxJys2h.js from: /opt/Insomnia/resources/app.asar/client/assets/organization._organizationId.project._projectId.workspace._workspaceId-CIxJys2h.js
[2025-10-03 12:19:03.810] [info]  Loading index for: /assets/organization._organizationId.project._projectId.workspace._workspaceId.debug-Dy3HEza5.js from: /opt/Insomnia/resources/app.asar/client/assets/organization._organizationId.project._projectId.workspace._workspaceId.debug-Dy3HEza5.js
[2025-10-03 12:19:03.814] [info]  Loading index for: /assets/organization._organizationId.project._projectId.workspace._workspaceId.debug.request._requestId-OG8tRZ4P.js from: /opt/Insomnia/resources/app.asar/client/assets/organization._organizationId.project._projectId.workspace._workspaceId.debug.request._requestId-OG8tRZ4P.js
[2025-10-03 12:19:03.899] [info]  Loading index for: /assets/use-insomnia-tab-DFsJeTz4.js from: /opt/Insomnia/resources/app.asar/client/assets/use-insomnia-tab-DFsJeTz4.js
[2025-10-03 12:19:03.904] [info]  Loading index for: /assets/organization._organizationId.project._projectId.workspace._workspaceId.debug.reorder-Ceua9ExV.js from: /opt/Insomnia/resources/app.asar/client/assets/organization._organizationId.project._projectId.workspace._workspaceId.debug.reorder-Ceua9ExV.js
[2025-10-03 12:19:03.907] [info]  Loading index for: /assets/organization._organizationId.project._projectId.workspace._workspaceId.debug.request._requestId.duplicate-C3L6SOmF.js from: /opt/Insomnia/resources/app.asar/client/assets/organization._organizationId.project._projectId.workspace._workspaceId.debug.request._requestId.duplicate-C3L6SOmF.js
[2025-10-03 12:19:03.909] [info]  Loading index for: /assets/organization._organizationId.project._projectId.workspace._workspaceId.debug.request.delete-vuBF6SNY.js from: /opt/Insomnia/resources/app.asar/client/assets/organization._organizationId.project._projectId.workspace._workspaceId.debug.request.delete-vuBF6SNY.js
[2025-10-03 12:19:03.912] [info]  Loading index for: /assets/organization._organizationId.project._projectId.workspace._workspaceId.debug.request-group.new-DozAp36c.js from: /opt/Insomnia/resources/app.asar/client/assets/organization._organizationId.project._projectId.workspace._workspaceId.debug.request-group.new-DozAp36c.js
[2025-10-03 12:19:03.914] [info]  Loading index for: /assets/organization._organizationId.project._projectId.workspace._workspaceId.debug.runner-C-RgkPN_.js from: /opt/Insomnia/resources/app.asar/client/assets/organization._organizationId.project._projectId.workspace._workspaceId.debug.runner-C-RgkPN_.js
[2025-10-03 12:19:03.929] [info]  Loading index for: /assets/organization._organizationId.project._projectId.workspace._workspaceId.debug.tutorial._panel-BuPJS7Rs.js from: /opt/Insomnia/resources/app.asar/client/assets/organization._organizationId.project._projectId.workspace._workspaceId.debug.tutorial._panel-BuPJS7Rs.js
[2025-10-03 12:19:03.931] [info]  Loading index for: /assets/organization._organizationId.project._projectId.workspace._workspaceId.toggle-expand-all-0yFuyr9p.js from: /opt/Insomnia/resources/app.asar/client/assets/organization._organizationId.project._projectId.workspace._workspaceId.toggle-expand-all-0yFuyr9p.js
[2025-10-03 12:19:03.933] [info]  Loading index for: /assets/workspace-environments-edit-modal-C2ciDFHa.js from: /opt/Insomnia/resources/app.asar/client/assets/workspace-environments-edit-modal-C2ciDFHa.js
[2025-10-03 12:19:03.936] [info]  Loading index for: /assets/organization._organizationId.project._projectId.workspace._workspaceId.debug.request-group.delete-DBkTSDoU.js from: /opt/Insomnia/resources/app.asar/client/assets/organization._organizationId.project._projectId.workspace._workspaceId.debug.request-group.delete-DBkTSDoU.js
[2025-10-03 12:19:03.939] [info]  Loading index for: /assets/organization._organizationId.project._projectId.workspace._workspaceId.debug.request-group.duplicate-BG9n_HFt.js from: /opt/Insomnia/resources/app.asar/client/assets/organization._organizationId.project._projectId.workspace._workspaceId.debug.request-group.duplicate-BG9n_HFt.js
[2025-10-03 12:19:03.941] [info]  Loading index for: /assets/editable-input-B2g8vXt7.js from: /opt/Insomnia/resources/app.asar/client/assets/editable-input-B2g8vXt7.js
[2025-10-03 12:19:03.944] [info]  Loading index for: /assets/use-vcs-version-Bs5aS844.js from: /opt/Insomnia/resources/app.asar/client/assets/use-vcs-version-Bs5aS844.js
[2025-10-03 12:19:03.946] [info]  Loading index for: /assets/organization._organizationId.project._projectId.workspace._workspaceId.mock-server.mock-route._mockRouteId-CHXOa4Nx.js from: /opt/Insomnia/resources/app.asar/client/assets/organization._organizationId.project._projectId.workspace._workspaceId.mock-server.mock-route._mockRouteId-CHXOa4Nx.js
[2025-10-03 12:19:03.949] [info]  Loading index for: /assets/time-tag-rfJHwDKN.js from: /opt/Insomnia/resources/app.asar/client/assets/time-tag-rfJHwDKN.js
[2025-10-03 12:19:03.953] [info]  Loading index for: /assets/key-value-editor-YXYmH-kb.js from: /opt/Insomnia/resources/app.asar/client/assets/key-value-editor-YXYmH-kb.js
[2025-10-03 12:19:03.956] [info]  Loading index for: /assets/translate-postman-script-tuFr5ozR.js from: /opt/Insomnia/resources/app.asar/client/assets/translate-postman-script-tuFr5ozR.js
[2025-10-03 12:19:03.958] [info]  Loading index for: /assets/_virtual_external_mime-types-CTWFU_fg.js from: /opt/Insomnia/resources/app.asar/client/assets/_virtual_external_mime-types-CTWFU_fg.js
[2025-10-03 12:19:03.961] [info]  Loading index for: /assets/organization._organizationId.project._projectId.workspace._workspaceId.debug.request._requestId.connect-SGe1s2Cd.js from: /opt/Insomnia/resources/app.asar/client/assets/organization._organizationId.project._projectId.workspace._workspaceId.debug.request._requestId.connect-SGe1s2Cd.js
[2025-10-03 12:19:03.966] [info]  Loading index for: /assets/organization._organizationId.project._projectId.workspace._workspaceId.debug.request._requestId.send-D_V28Gap.js from: /opt/Insomnia/resources/app.asar/client/assets/organization._organizationId.project._projectId.workspace._workspaceId.debug.request._requestId.send-D_V28Gap.js
[2025-10-03 12:19:03.969] [info]  Loading index for: /assets/organization._organizationId.project._projectId.workspace._workspaceId.debug.request._requestId.response.delete-BgxSfBeV.js from: /opt/Insomnia/resources/app.asar/client/assets/organization._organizationId.project._projectId.workspace._workspaceId.debug.request._requestId.response.delete-BgxSfBeV.js
[2025-10-03 12:19:03.972] [info]  Loading index for: /assets/organization._organizationId.project._projectId.workspace._workspaceId.debug.request._requestId.response.delete-all-c3h4B4q7.js from: /opt/Insomnia/resources/app.asar/client/assets/organization._organizationId.project._projectId.workspace._workspaceId.debug.request._requestId.response.delete-all-c3h4B4q7.js
[2025-10-03 12:19:03.974] [info]  Loading index for: /assets/organization._organizationId.project._projectId.workspace._workspaceId.mock-server.mock-route.new-CEXE1OwE.js from: /opt/Insomnia/resources/app.asar/client/assets/organization._organizationId.project._projectId.workspace._workspaceId.mock-server.mock-route.new-CEXE1OwE.js
[2025-10-03 12:19:03.977] [info]  Loading index for: /assets/organization._organizationId.project._projectId.workspace._workspaceId.insomnia-sync.branch.checkout-DSkwlUeM.js from: /opt/Insomnia/resources/app.asar/client/assets/organization._organizationId.project._projectId.workspace._workspaceId.insomnia-sync.branch.checkout-DSkwlUeM.js
[2025-10-03 12:19:03.979] [info]  Loading index for: /assets/organization._organizationId.project._projectId.workspace._workspaceId.insomnia-sync.pull-B87SFG0q.js from: /opt/Insomnia/resources/app.asar/client/assets/organization._organizationId.project._projectId.workspace._workspaceId.insomnia-sync.pull-B87SFG0q.js
[2025-10-03 12:19:03.981] [info]  Loading index for: /assets/organization._organizationId.project._projectId.workspace._workspaceId.insomnia-sync.push-BgjObNnK.js from: /opt/Insomnia/resources/app.asar/client/assets/organization._organizationId.project._projectId.workspace._workspaceId.insomnia-sync.push-BgjObNnK.js
[2025-10-03 12:19:03.983] [info]  Loading index for: /assets/organization._organizationId.project._projectId.workspace._workspaceId.insomnia-sync.rollback-C9nkcYhW.js from: /opt/Insomnia/resources/app.asar/client/assets/organization._organizationId.project._projectId.workspace._workspaceId.insomnia-sync.rollback-C9nkcYhW.js
[2025-10-03 12:19:03.985] [info]  Loading index for: /assets/organization._organizationId.project._projectId.workspace._workspaceId.insomnia-sync.branch.create-mZUGsP_u.js from: /opt/Insomnia/resources/app.asar/client/assets/organization._organizationId.project._projectId.workspace._workspaceId.insomnia-sync.branch.create-mZUGsP_u.js
[2025-10-03 12:19:03.988] [info]  Loading index for: /assets/organization._organizationId.project._projectId.workspace._workspaceId.insomnia-sync.branch.delete-Du2yWV6e.js from: /opt/Insomnia/resources/app.asar/client/assets/organization._organizationId.project._projectId.workspace._workspaceId.insomnia-sync.branch.delete-Du2yWV6e.js
[2025-10-03 12:19:03.990] [info]  Loading index for: /assets/organization._organizationId.project._projectId.workspace._workspaceId.insomnia-sync.branch.merge-C-q6aLKl.js from: /opt/Insomnia/resources/app.asar/client/assets/organization._organizationId.project._projectId.workspace._workspaceId.insomnia-sync.branch.merge-C-q6aLKl.js
[2025-10-03 12:19:03.993] [info]  Loading index for: /assets/organization._organizationId.project._projectId.workspace._workspaceId.insomnia-sync.fetch-Bb0IINfR.js from: /opt/Insomnia/resources/app.asar/client/assets/organization._organizationId.project._projectId.workspace._workspaceId.insomnia-sync.fetch-Bb0IINfR.js
[2025-10-03 12:19:03.995] [info]  Loading index for: /assets/organization._organizationId.project._projectId.workspace._workspaceId.insomnia-sync.restore-B6vSkMBg.js from: /opt/Insomnia/resources/app.asar/client/assets/organization._organizationId.project._projectId.workspace._workspaceId.insomnia-sync.restore-B6vSkMBg.js
[2025-10-03 12:19:03.998] [info]  Loading index for: /assets/organization._organizationId.project._projectId.workspace._workspaceId.insomnia-sync.create-snapshot-DwMqwZQ1.js from: /opt/Insomnia/resources/app.asar/client/assets/organization._organizationId.project._projectId.workspace._workspaceId.insomnia-sync.create-snapshot-DwMqwZQ1.js
[2025-10-03 12:19:04.001] [info]  Loading index for: /assets/organization._organizationId.project._projectId.workspace._workspaceId.insomnia-sync.stage-C7XTDQil.js from: /opt/Insomnia/resources/app.asar/client/assets/organization._organizationId.project._projectId.workspace._workspaceId.insomnia-sync.stage-C7XTDQil.js
[2025-10-03 12:19:04.003] [info]  Loading index for: /assets/organization._organizationId.project._projectId.workspace._workspaceId.insomnia-sync.unstage-DYI9GCfF.js from: /opt/Insomnia/resources/app.asar/client/assets/organization._organizationId.project._projectId.workspace._workspaceId.insomnia-sync.unstage-DYI9GCfF.js
[2025-10-03 12:19:04.007] [info]  Loading index for: /assets/organization._organizationId.project._projectId.workspace._workspaceId.environment.set-active-global-CsVGn87i.js from: /opt/Insomnia/resources/app.asar/client/assets/organization._organizationId.project._projectId.workspace._workspaceId.environment.set-active-global-CsVGn87i.js
[2025-10-03 12:19:04.011] [info]  Loading index for: /assets/organization._organizationId.project._projectId.workspace._workspaceId.update-cookie-jar-BlsjfJF9.js from: /opt/Insomnia/resources/app.asar/client/assets/organization._organizationId.project._projectId.workspace._workspaceId.update-cookie-jar-BlsjfJF9.js
[2025-10-03 12:19:04.014] [info]  Loading index for: /assets/organization._organizationId.project._projectId.workspace._workspaceId.cacert.delete-DxyOi96_.js from: /opt/Insomnia/resources/app.asar/client/assets/organization._organizationId.project._projectId.workspace._workspaceId.cacert.delete-DxyOi96_.js
[2025-10-03 12:19:04.016] [info]  Loading index for: /assets/organization._organizationId.project._projectId.workspace._workspaceId.cacert.new-JpuJva7P.js from: /opt/Insomnia/resources/app.asar/client/assets/organization._organizationId.project._projectId.workspace._workspaceId.cacert.new-JpuJva7P.js
[2025-10-03 12:19:04.019] [info]  Loading index for: /assets/organization._organizationId.project._projectId.workspace._workspaceId.cacert.update-B1xbYxo-.js from: /opt/Insomnia/resources/app.asar/client/assets/organization._organizationId.project._projectId.workspace._workspaceId.cacert.update-B1xbYxo-.js
[2025-10-03 12:19:04.022] [info]  Loading index for: /assets/organization._organizationId.project._projectId.workspace._workspaceId.clientcert.delete-AhlIYAGz.js from: /opt/Insomnia/resources/app.asar/client/assets/organization._organizationId.project._projectId.workspace._workspaceId.clientcert.delete-AhlIYAGz.js
[2025-10-03 12:19:04.025] [info]  Loading index for: /assets/organization._organizationId.project._projectId.workspace._workspaceId.clientcert.new--779p5hU.js from: /opt/Insomnia/resources/app.asar/client/assets/organization._organizationId.project._projectId.workspace._workspaceId.clientcert.new--779p5hU.js
[2025-10-03 12:19:04.028] [info]  Loading index for: /assets/organization._organizationId.project._projectId.workspace._workspaceId.clientcert.update-C7iuWtRP.js from: /opt/Insomnia/resources/app.asar/client/assets/organization._organizationId.project._projectId.workspace._workspaceId.clientcert.update-C7iuWtRP.js
[2025-10-03 12:19:04.030] [info]  Loading index for: /assets/organization._organizationId.project._projectId.workspace._workspaceId.environment.create-DEC_NE8l.js from: /opt/Insomnia/resources/app.asar/client/assets/organization._organizationId.project._projectId.workspace._workspaceId.environment.create-DEC_NE8l.js
[2025-10-03 12:19:04.033] [info]  Loading index for: /assets/organization._organizationId.project._projectId.workspace._workspaceId.environment.delete-BHt4E-Vw.js from: /opt/Insomnia/resources/app.asar/client/assets/organization._organizationId.project._projectId.workspace._workspaceId.environment.delete-BHt4E-Vw.js
[2025-10-03 12:19:04.037] [info]  Loading index for: /assets/organization._organizationId.project._projectId.workspace._workspaceId.environment.duplicate-BoZwfbb5.js from: /opt/Insomnia/resources/app.asar/client/assets/organization._organizationId.project._projectId.workspace._workspaceId.environment.duplicate-BoZwfbb5.js
[2025-10-03 12:19:04.040] [info]  Loading index for: /assets/organization._organizationId.project._projectId.workspace._workspaceId.environment.update-CktPe321.js from: /opt/Insomnia/resources/app.asar/client/assets/organization._organizationId.project._projectId.workspace._workspaceId.environment.update-CktPe321.js
[2025-10-03 12:19:04.042] [info]  Loading index for: /assets/organization._organizationId.project._projectId.workspace._workspaceId.debug.request.new-mock-send-Ciy5nZr-.js from: /opt/Insomnia/resources/app.asar/client/assets/organization._organizationId.project._projectId.workspace._workspaceId.debug.request.new-mock-send-Ciy5nZr-.js
[2025-10-03 12:19:04.045] [info]  Loading index for: /assets/organization._organizationId.project._projectId.workspace._workspaceId.mock-server.mock-route._mockRouteId.update-CQXFyNwK.js from: /opt/Insomnia/resources/app.asar/client/assets/organization._organizationId.project._projectId.workspace._workspaceId.mock-server.mock-route._mockRouteId.update-CQXFyNwK.js
[2025-10-03 12:19:04.048] [info]  Loading index for: /assets/organization._organizationId.project._projectId.workspace._workspaceId.mock-server.mock-route._mockRouteId.delete-xB3RC9ZI.js from: /opt/Insomnia/resources/app.asar/client/assets/organization._organizationId.project._projectId.workspace._workspaceId.mock-server.mock-route._mockRouteId.delete-xB3RC9ZI.js
[2025-10-03 12:19:07.354] [info]  Loading index for: /assets/organization._organizationId.project._projectId.workspace._workspaceId.insomnia-sync-BQFeYQSn.js from: /opt/Insomnia/resources/app.asar/client/assets/organization._organizationId.project._projectId.workspace._workspaceId.insomnia-sync-BQFeYQSn.js
[2025-10-03 12:19:07.360] [info]  Loading index for: /assets/organization._organizationId.project._projectId.workspace._workspaceId.insomnia-sync.sync-data-CNLFNwrx.js from: /opt/Insomnia/resources/app.asar/client/assets/organization._organizationId.project._projectId.workspace._workspaceId.insomnia-sync.sync-data-CNLFNwrx.js
[2025-10-03 12:19:13.784] [error] Error: net::ERR_CONNECTION_REFUSED
    at SimpleURLLoaderWrapper.<anonymous> (node:electron/js2c/browser_init:2:123921)
    at SimpleURLLoaderWrapper.emit (node:events:518:28)
[2025-10-03 12:19:13.871] [error] Error: net::ERR_CONNECTION_REFUSED
    at SimpleURLLoaderWrapper.<anonymous> (node:electron/js2c/browser_init:2:123921)
    at SimpleURLLoaderWrapper.emit (node:events:518:28)
[2025-10-03 12:19:14.021] [error] Error: net::ERR_CONNECTION_REFUSED
    at SimpleURLLoaderWrapper.<anonymous> (node:electron/js2c/browser_init:2:123921)
    at SimpleURLLoaderWrapper.emit (node:events:518:28)
[2025-10-03 12:19:14.254] [error] Error: net::ERR_CONNECTION_REFUSED
    at SimpleURLLoaderWrapper.<anonymous> (node:electron/js2c/browser_init:2:123921)
    at SimpleURLLoaderWrapper.emit (node:events:518:28)
[2025-10-03 12:19:14.274] [warn]  [analytics] Error sending segment event Error: net::ERR_UNEXPECTED
    at SimpleURLLoaderWrapper.<anonymous> (node:electron/js2c/browser_init:2:123921)
    at SimpleURLLoaderWrapper.emit (node:events:518:28)
[2025-10-03 12:19:14.276] [warn]  [analytics] Error sending segment event Error: net::ERR_UNEXPECTED
    at SimpleURLLoaderWrapper.<anonymous> (node:electron/js2c/browser_init:2:123921)
    at SimpleURLLoaderWrapper.emit (node:events:518:28)
[2025-10-03 12:19:14.278] [warn]  [analytics] Error sending segment event Error: net::ERR_UNEXPECTED
    at SimpleURLLoaderWrapper.<anonymous> (node:electron/js2c/browser_init:2:123921)
    at SimpleURLLoaderWrapper.emit (node:events:518:28)
[2025-10-03 12:19:14.280] [warn]  [analytics] Error sending segment event Error: net::ERR_UNEXPECTED
    at SimpleURLLoaderWrapper.<anonymous> (node:electron/js2c/browser_init:2:123921)
    at SimpleURLLoaderWrapper.emit (node:events:518:28)
