[2025-10-03 12:18:31.766] [info]  Running version 11.6.1
[2025-10-03 12:18:31.877] [error] [electron client protocol] FAILED to set default protocol 'insomnia://'
[2025-10-03 12:18:31.918] [info]  [electron client protocol] the current executable is not the default protocol for 'insomnia://'
[2025-10-03 12:18:32.053] [info]  [electron client protocol] the default application set for 'insomnia://' is 'insomnia.desktop
'
[2025-10-03 12:18:33.112] [info]  [fix] Running database repairs
[2025-10-03 12:18:35.203] [info]  [main] Checking for newer version than  11.6.1
[2025-10-03 12:18:37.005] [info]  [main] Found newer version
[2025-10-03 12:18:37.012] [info]  [main] Backup found at: /home/kaylon/.config/Insomnia/backups/11.6.1
[2025-10-03 12:18:37.015] [info]  [ElectronStorage] Initialized at /home/kaylon/.config/Insomnia/localStorage
[2025-10-03 12:18:37.041] [info]  [main] Second instance listener received: /opt/Insomnia/insomnia||--allow-file-access-from-files||--enable-features=DocumentPolicyIncludeJSCallStacksInCrashReports||--secure-schemes=sentry-ipc||--bypasscsp-schemes=sentry-ipc||--cors-schemes=sentry-ipc||--fetch-schemes=sentry-ipc||--secure-schemes=insomnia-event-source,https,http,insomnia-templating-worker-database,sentry-ipc||--bypasscsp-schemes=sentry-ipc||--cors-schemes=sentry-ipc||--fetch-schemes=insomnia-event-source,https,http,insomnia-templating-worker-database,sentry-ipc||--standard-schemes=insomnia-event-source,https,http,insomnia-templating-worker-database||--streaming-schemes=insomnia-event-source||insomnia://app/auth/finish?box=YWa%2BD70uNNWcKMYmwOfH6%2BCWshkrLtvl21InG53dsXJ5yZNNF0U8BjECds9EAJwLUW6mnuBxG%2BehE%2FADhUKLfFkiSVdeOFrMdMRghHQOQ%2F8suGznfquoDawmSiIMrFa2tYOQfNeyv%2Fgdx9r32ApYtFcMZklBp4043pS98u2hRhkHmkkNTBJqtGcuWNiBqEC91dZkhhXKqS%2BcP6W5PhIDbZLnX%2BghaCo8Vfj2Easy0hx86dFmGTzG4xJs3mZ3TT1rWbL45%2Bg%3D
[2025-10-03 12:18:37.042] [info]  [main] Registering the hidden window restarting handler
[2025-10-03 12:18:37.043] [info]  [main] Open Deep Link URL sent from second instance insomnia://app/auth/finish?box=YWa%2BD70uNNWcKMYmwOfH6%2BCWshkrLtvl21InG53dsXJ5yZNNF0U8BjECds9EAJwLUW6mnuBxG%2BehE%2FADhUKLfFkiSVdeOFrMdMRghHQOQ%2F8suGznfquoDawmSiIMrFa2tYOQfNeyv%2Fgdx9r32ApYtFcMZklBp4043pS98u2hRhkHmkkNTBJqtGcuWNiBqEC91dZkhhXKqS%2BcP6W5PhIDbZLnX%2BghaCo8Vfj2Easy0hx86dFmGTzG4xJs3mZ3TT1rWbL45%2Bg%3D
[2025-10-03 12:18:37.044] [error] [app] Failed to get instance lock
[2025-10-03 12:18:37.057] [info]  [updater] Not supported on this platform linux
[2025-10-03 12:18:37.073] [info]  Loading index for: /assets/auth.authorize-D4VvA82W.js from: /opt/Insomnia/resources/app.asar/client/assets/auth.authorize-D4VvA82W.js
[2025-10-03 12:18:38.614] [info]  Loading index for: /assets/organization._organizationId._index-trHxkcEf.js from: /opt/Insomnia/resources/app.asar/client/assets/organization._organizationId._index-trHxkcEf.js
[2025-10-03 12:18:38.883] [info]  Loading index for: /assets/organization._organizationId.project._projectId-CIxW4wXO.js from: /opt/Insomnia/resources/app.asar/client/assets/organization._organizationId.project._projectId-CIxW4wXO.js
[2025-10-03 12:18:38.896] [info]  Loading index for: /assets/organization._organizationId.project._projectId._index-vCz59rGz.js from: /opt/Insomnia/resources/app.asar/client/assets/organization._organizationId.project._projectId._index-vCz59rGz.js
[2025-10-03 12:18:39.575] [info]  Loading index for: /assets/organization._organizationId.permissions-BuLbLywt.js from: /opt/Insomnia/resources/app.asar/client/assets/organization._organizationId.permissions-BuLbLywt.js
[2025-10-03 12:18:39.585] [info]  Loading index for: /assets/organization._organizationId.storage-rules-DQdMACyl.js from: /opt/Insomnia/resources/app.asar/client/assets/organization._organizationId.storage-rules-DQdMACyl.js
[2025-10-03 12:18:39.817] [info]  Loading index for: /assets/untracked-projects-CVyv6CrV.js from: /opt/Insomnia/resources/app.asar/client/assets/untracked-projects-CVyv6CrV.js
[2025-10-03 12:18:48.020] [error] Error: net::ERR_CONNECTION_REFUSED
    at SimpleURLLoaderWrapper.<anonymous> (node:electron/js2c/browser_init:2:123921)
    at SimpleURLLoaderWrapper.emit (node:events:518:28)
[2025-10-03 12:18:48.095] [error] Error: net::ERR_CONNECTION_REFUSED
    at SimpleURLLoaderWrapper.<anonymous> (node:electron/js2c/browser_init:2:123921)
    at SimpleURLLoaderWrapper.emit (node:events:518:28)
[2025-10-03 12:18:48.227] [error] Error: net::ERR_CONNECTION_REFUSED
    at SimpleURLLoaderWrapper.<anonymous> (node:electron/js2c/browser_init:2:123921)
    at SimpleURLLoaderWrapper.emit (node:events:518:28)
[2025-10-03 12:18:48.642] [error] Error: net::ERR_CONNECTION_REFUSED
    at SimpleURLLoaderWrapper.<anonymous> (node:electron/js2c/browser_init:2:123921)
    at SimpleURLLoaderWrapper.emit (node:events:518:28)
[2025-10-03 12:18:48.659] [warn]  [analytics] Error sending segment event Error: net::ERR_UNEXPECTED
    at SimpleURLLoaderWrapper.<anonymous> (node:electron/js2c/browser_init:2:123921)
    at SimpleURLLoaderWrapper.emit (node:events:518:28)
